2026-02-08 17:52:43,556 | INFO | advanced | Advanced analysis started
2026-02-08 17:52:43,557 | INFO | advanced | {"timestamp": "2026-02-08T17:52:43.557049", "level": "INFO", "event_type": "pipeline_start", "message": "Starting advanced TMDB analysis"}
2026-02-08 17:52:43,559 | INFO | advanced | {"timestamp": "2026-02-08T17:52:43.559531", "level": "INFO", "event_type": "feature_engineering", "message": "Computed profit and ROI", "total_rows": 18}
2026-02-08 17:52:43,559 | INFO | advanced | {"timestamp": "2026-02-08T17:52:43.559756", "level": "INFO", "event_type": "kpi_computation_start", "message": "Computing KPI highest_revenue", "metric": "revenue_musd"}
2026-02-08 17:52:43,562 | INFO | advanced | {"timestamp": "2026-02-08T17:52:43.562693", "level": "INFO", "event_type": "kpi_result", "message": "KPI computed successfully", "kpi_name": "highest_revenue", "metric": "revenue_musd", "top_movie": "Avatar", "top_value": 2923.706026, "rows_returned": 10}
2026-02-08 17:52:43,563 | INFO | advanced | {"timestamp": "2026-02-08T17:52:43.563315", "level": "INFO", "event_type": "kpi_computation_start", "message": "Computing KPI highest_budget", "metric": "budget_musd"}
2026-02-08 17:52:43,565 | INFO | advanced | {"timestamp": "2026-02-08T17:52:43.565294", "level": "INFO", "event_type": "kpi_result", "message": "KPI computed successfully", "kpi_name": "highest_budget", "metric": "budget_musd", "top_movie": "Avengers: Endgame", "top_value": 356.0, "rows_returned": 10}
2026-02-08 17:52:43,565 | INFO | advanced | {"timestamp": "2026-02-08T17:52:43.565469", "level": "INFO", "event_type": "kpi_computation_start", "message": "Computing KPI highest_profit", "metric": "profit"}
2026-02-08 17:52:43,567 | INFO | advanced | {"timestamp": "2026-02-08T17:52:43.567097", "level": "INFO", "event_type": "kpi_result", "message": "KPI computed successfully", "kpi_name": "highest_profit", "metric": "profit", "top_movie": "Avatar", "top_value": 2686.706026, "rows_returned": 10}
2026-02-08 17:52:43,567 | INFO | advanced | {"timestamp": "2026-02-08T17:52:43.567261", "level": "INFO", "event_type": "kpi_computation_start", "message": "Computing KPI lowest_profit", "metric": "profit"}
2026-02-08 17:52:43,569 | INFO | advanced | {"timestamp": "2026-02-08T17:52:43.569043", "level": "INFO", "event_type": "kpi_result", "message": "KPI computed successfully", "kpi_name": "lowest_profit", "metric": "profit", "top_movie": "Star Wars: The Last Jedi", "top_value": 1032.69883, "rows_returned": 10}
2026-02-08 17:52:43,569 | INFO | advanced | {"timestamp": "2026-02-08T17:52:43.569219", "level": "INFO", "event_type": "kpi_computation_start", "message": "Computing KPI highest_roi", "metric": "roi"}
2026-02-08 17:52:43,570 | INFO | advanced | {"timestamp": "2026-02-08T17:52:43.570935", "level": "INFO", "event_type": "kpi_result", "message": "KPI computed successfully", "kpi_name": "highest_roi", "metric": "roi", "top_movie": "Avatar", "top_value": 12.33631234599156, "rows_returned": 10}
2026-02-08 17:52:43,571 | INFO | advanced | {"timestamp": "2026-02-08T17:52:43.571098", "level": "INFO", "event_type": "kpi_computation_start", "message": "Computing KPI lowest_roi", "metric": "roi"}
2026-02-08 17:52:43,572 | INFO | advanced | {"timestamp": "2026-02-08T17:52:43.572694", "level": "INFO", "event_type": "kpi_result", "message": "KPI computed successfully", "kpi_name": "lowest_roi", "metric": "roi", "top_movie": "Star Wars: The Last Jedi", "top_value": 4.442329433333334, "rows_returned": 10}
2026-02-08 17:52:43,572 | INFO | advanced | {"timestamp": "2026-02-08T17:52:43.572862", "level": "INFO", "event_type": "kpi_computation_start", "message": "Computing KPI most_voted", "metric": "vote_count"}
2026-02-08 17:52:43,574 | INFO | advanced | {"timestamp": "2026-02-08T17:52:43.574469", "level": "INFO", "event_type": "kpi_result", "message": "KPI computed successfully", "kpi_name": "most_voted", "metric": "vote_count", "top_movie": "The Avengers", "top_value": 35720.0, "rows_returned": 10}
2026-02-08 17:52:43,574 | INFO | advanced | {"timestamp": "2026-02-08T17:52:43.574630", "level": "INFO", "event_type": "kpi_computation_start", "message": "Computing KPI highest_rated", "metric": "vote_average"}
2026-02-08 17:52:43,577 | INFO | advanced | {"timestamp": "2026-02-08T17:52:43.577765", "level": "INFO", "event_type": "kpi_result", "message": "KPI computed successfully", "kpi_name": "highest_rated", "metric": "vote_average", "top_movie": "Avengers: Endgame", "top_value": 8.236, "rows_returned": 10}
2026-02-08 17:52:43,578 | INFO | advanced | {"timestamp": "2026-02-08T17:52:43.578186", "level": "INFO", "event_type": "kpi_computation_start", "message": "Computing KPI lowest_rated", "metric": "vote_average"}
2026-02-08 17:52:43,581 | INFO | advanced | {"timestamp": "2026-02-08T17:52:43.581127", "level": "INFO", "event_type": "kpi_result", "message": "KPI computed successfully", "kpi_name": "lowest_rated", "metric": "vote_average", "top_movie": "Jurassic World: Fallen Kingdom", "top_value": 6.533, "rows_returned": 10}
2026-02-08 17:52:43,581 | INFO | advanced | {"timestamp": "2026-02-08T17:52:43.581337", "level": "INFO", "event_type": "kpi_computation_start", "message": "Computing KPI most_popular", "metric": "popularity"}
2026-02-08 17:52:43,583 | INFO | advanced | {"timestamp": "2026-02-08T17:52:43.583553", "level": "INFO", "event_type": "kpi_result", "message": "KPI computed successfully", "kpi_name": "most_popular", "metric": "popularity", "top_movie": "The Avengers", "top_value": 63.2171, "rows_returned": 10}
2026-02-08 17:52:43,583 | INFO | advanced | {"timestamp": "2026-02-08T17:52:43.583743", "level": "INFO", "event_type": "advanced_search_start", "message": "Bruce Willis Sci-Fi/Action search"}
2026-02-08 17:52:43,586 | INFO | advanced | {"timestamp": "2026-02-08T17:52:43.586710", "level": "INFO", "event_type": "advanced_search_result", "message": "Completed Bruce Willis search", "rows_returned": 0}
2026-02-08 17:52:43,586 | INFO | advanced | {"timestamp": "2026-02-08T17:52:43.586881", "level": "INFO", "event_type": "advanced_search_start", "message": "Uma Thurman + Quentin Tarantino search"}
2026-02-08 17:52:43,588 | INFO | advanced | {"timestamp": "2026-02-08T17:52:43.588867", "level": "INFO", "event_type": "advanced_search_result", "message": "Completed Uma Thurman search", "rows_returned": 0}
2026-02-08 17:52:43,589 | INFO | advanced | {"timestamp": "2026-02-08T17:52:43.589043", "level": "INFO", "event_type": "franchise_analysis_start", "message": "Analyzing franchise vs standalone"}
2026-02-08 17:52:43,605 | INFO | advanced | {"timestamp": "2026-02-08T17:52:43.605877", "level": "INFO", "event_type": "franchise_analysis_result", "message": "Computed franchise vs standalone stats", "groups": 2}
2026-02-08 17:52:43,606 | INFO | advanced | {"timestamp": "2026-02-08T17:52:43.606073", "level": "INFO", "event_type": "franchise_ranking_start", "message": "Ranking franchises by total revenue"}
2026-02-08 17:52:43,623 | INFO | advanced | {"timestamp": "2026-02-08T17:52:43.623680", "level": "INFO", "event_type": "franchise_ranking_result", "message": "Top franchises computed", "rows_returned": 10}
2026-02-08 17:52:43,623 | INFO | advanced | {"timestamp": "2026-02-08T17:52:43.623868", "level": "INFO", "event_type": "director_ranking_start", "message": "Ranking directors by total revenue"}
2026-02-08 17:52:43,636 | INFO | advanced | {"timestamp": "2026-02-08T17:52:43.636513", "level": "INFO", "event_type": "director_ranking_result", "message": "Top directors computed", "rows_returned": 10}
2026-02-08 17:52:43,636 | INFO | advanced | {"timestamp": "2026-02-08T17:52:43.636723", "level": "INFO", "event_type": "pipeline_complete", "message": "Advanced TMDB analysis completed"}
2026-02-08 17:52:43,636 | INFO | advanced | Advanced analysis completed | rows=18
2026-02-08 17:52:43,643 | INFO | advanced | Saved clean dataset | path=./data/clean/tmdb_clean_after_kpi.csv
2026-02-08 17:57:22,813 | INFO | advanced | Advanced analysis started
2026-02-08 17:57:22,813 | INFO | advanced | {"timestamp": "2026-02-08T17:57:22.813919", "level": "INFO", "event_type": "pipeline_start", "message": "Starting advanced TMDB analysis"}
2026-02-08 17:57:22,815 | INFO | advanced | {"timestamp": "2026-02-08T17:57:22.815790", "level": "INFO", "event_type": "feature_engineering", "message": "Computed profit and ROI", "total_rows": 18}
2026-02-08 17:57:22,815 | INFO | advanced | {"timestamp": "2026-02-08T17:57:22.815931", "level": "INFO", "event_type": "kpi_computation_start", "message": "Computing KPI highest_revenue", "metric": "revenue_musd"}
2026-02-08 17:57:22,817 | INFO | advanced | {"timestamp": "2026-02-08T17:57:22.817064", "level": "INFO", "event_type": "kpi_result", "message": "KPI computed successfully", "kpi_name": "highest_revenue", "metric": "revenue_musd", "top_movie": "Avatar", "top_value": 2923.706026, "rows_returned": 10}
2026-02-08 17:57:22,817 | INFO | advanced | {"timestamp": "2026-02-08T17:57:22.817176", "level": "INFO", "event_type": "kpi_computation_start", "message": "Computing KPI highest_budget", "metric": "budget_musd"}
2026-02-08 17:57:22,818 | INFO | advanced | {"timestamp": "2026-02-08T17:57:22.818247", "level": "INFO", "event_type": "kpi_result", "message": "KPI computed successfully", "kpi_name": "highest_budget", "metric": "budget_musd", "top_movie": "Avengers: Endgame", "top_value": 356.0, "rows_returned": 10}
2026-02-08 17:57:22,818 | INFO | advanced | {"timestamp": "2026-02-08T17:57:22.818354", "level": "INFO", "event_type": "kpi_computation_start", "message": "Computing KPI highest_profit", "metric": "profit"}
2026-02-08 17:57:22,819 | INFO | advanced | {"timestamp": "2026-02-08T17:57:22.819428", "level": "INFO", "event_type": "kpi_result", "message": "KPI computed successfully", "kpi_name": "highest_profit", "metric": "profit", "top_movie": "Avatar", "top_value": 2686.706026, "rows_returned": 10}
2026-02-08 17:57:22,819 | INFO | advanced | {"timestamp": "2026-02-08T17:57:22.819573", "level": "INFO", "event_type": "kpi_computation_start", "message": "Computing KPI lowest_profit", "metric": "profit"}
2026-02-08 17:57:22,820 | INFO | advanced | {"timestamp": "2026-02-08T17:57:22.820677", "level": "INFO", "event_type": "kpi_result", "message": "KPI computed successfully", "kpi_name": "lowest_profit", "metric": "profit", "top_movie": "Star Wars: The Last Jedi", "top_value": 1032.69883, "rows_returned": 10}
2026-02-08 17:57:22,820 | INFO | advanced | {"timestamp": "2026-02-08T17:57:22.820788", "level": "INFO", "event_type": "kpi_computation_start", "message": "Computing KPI highest_roi", "metric": "roi"}
2026-02-08 17:57:22,821 | INFO | advanced | {"timestamp": "2026-02-08T17:57:22.821849", "level": "INFO", "event_type": "kpi_result", "message": "KPI computed successfully", "kpi_name": "highest_roi", "metric": "roi", "top_movie": "Avatar", "top_value": 12.33631234599156, "rows_returned": 10}
2026-02-08 17:57:22,821 | INFO | advanced | {"timestamp": "2026-02-08T17:57:22.821958", "level": "INFO", "event_type": "kpi_computation_start", "message": "Computing KPI lowest_roi", "metric": "roi"}
2026-02-08 17:57:22,822 | INFO | advanced | {"timestamp": "2026-02-08T17:57:22.822952", "level": "INFO", "event_type": "kpi_result", "message": "KPI computed successfully", "kpi_name": "lowest_roi", "metric": "roi", "top_movie": "Star Wars: The Last Jedi", "top_value": 4.442329433333334, "rows_returned": 10}
2026-02-08 17:57:22,823 | INFO | advanced | {"timestamp": "2026-02-08T17:57:22.823058", "level": "INFO", "event_type": "kpi_computation_start", "message": "Computing KPI most_voted", "metric": "vote_count"}
2026-02-08 17:57:22,824 | INFO | advanced | {"timestamp": "2026-02-08T17:57:22.824110", "level": "INFO", "event_type": "kpi_result", "message": "KPI computed successfully", "kpi_name": "most_voted", "metric": "vote_count", "top_movie": "The Avengers", "top_value": 35720.0, "rows_returned": 10}
2026-02-08 17:57:22,824 | INFO | advanced | {"timestamp": "2026-02-08T17:57:22.824216", "level": "INFO", "event_type": "kpi_computation_start", "message": "Computing KPI highest_rated", "metric": "vote_average"}
2026-02-08 17:57:22,825 | INFO | advanced | {"timestamp": "2026-02-08T17:57:22.825451", "level": "INFO", "event_type": "kpi_result", "message": "KPI computed successfully", "kpi_name": "highest_rated", "metric": "vote_average", "top_movie": "Avengers: Endgame", "top_value": 8.236, "rows_returned": 10}
2026-02-08 17:57:22,825 | INFO | advanced | {"timestamp": "2026-02-08T17:57:22.825619", "level": "INFO", "event_type": "kpi_computation_start", "message": "Computing KPI lowest_rated", "metric": "vote_average"}
2026-02-08 17:57:22,826 | INFO | advanced | {"timestamp": "2026-02-08T17:57:22.826902", "level": "INFO", "event_type": "kpi_result", "message": "KPI computed successfully", "kpi_name": "lowest_rated", "metric": "vote_average", "top_movie": "Jurassic World: Fallen Kingdom", "top_value": 6.533, "rows_returned": 10}
2026-02-08 17:57:22,827 | INFO | advanced | {"timestamp": "2026-02-08T17:57:22.827013", "level": "INFO", "event_type": "kpi_computation_start", "message": "Computing KPI most_popular", "metric": "popularity"}
2026-02-08 17:57:22,829 | INFO | advanced | {"timestamp": "2026-02-08T17:57:22.829322", "level": "INFO", "event_type": "kpi_result", "message": "KPI computed successfully", "kpi_name": "most_popular", "metric": "popularity", "top_movie": "The Avengers", "top_value": 63.2171, "rows_returned": 10}
2026-02-08 17:57:22,829 | INFO | advanced | {"timestamp": "2026-02-08T17:57:22.829463", "level": "INFO", "event_type": "advanced_search_start", "message": "Bruce Willis Sci-Fi/Action search"}
2026-02-08 17:57:22,831 | INFO | advanced | {"timestamp": "2026-02-08T17:57:22.831669", "level": "INFO", "event_type": "advanced_search_result", "message": "Completed Bruce Willis search", "rows_returned": 0}
2026-02-08 17:57:22,831 | INFO | advanced | {"timestamp": "2026-02-08T17:57:22.831797", "level": "INFO", "event_type": "advanced_search_start", "message": "Uma Thurman + Quentin Tarantino search"}
2026-02-08 17:57:22,833 | INFO | advanced | {"timestamp": "2026-02-08T17:57:22.832962", "level": "INFO", "event_type": "advanced_search_result", "message": "Completed Uma Thurman search", "rows_returned": 0}
2026-02-08 17:57:22,833 | INFO | advanced | {"timestamp": "2026-02-08T17:57:22.833075", "level": "INFO", "event_type": "franchise_analysis_start", "message": "Analyzing franchise vs standalone"}
2026-02-08 17:57:22,839 | INFO | advanced | {"timestamp": "2026-02-08T17:57:22.839802", "level": "INFO", "event_type": "franchise_analysis_result", "message": "Computed franchise vs standalone stats", "groups": 2}
2026-02-08 17:57:22,839 | INFO | advanced | {"timestamp": "2026-02-08T17:57:22.839933", "level": "INFO", "event_type": "franchise_ranking_start", "message": "Ranking franchises by total revenue"}
2026-02-08 17:57:22,847 | INFO | advanced | {"timestamp": "2026-02-08T17:57:22.847079", "level": "INFO", "event_type": "franchise_ranking_result", "message": "Top franchises computed", "rows_returned": 10}
2026-02-08 17:57:22,847 | INFO | advanced | {"timestamp": "2026-02-08T17:57:22.847233", "level": "INFO", "event_type": "director_ranking_start", "message": "Ranking directors by total revenue"}
2026-02-08 17:57:22,852 | INFO | advanced | {"timestamp": "2026-02-08T17:57:22.852451", "level": "INFO", "event_type": "director_ranking_result", "message": "Top directors computed", "rows_returned": 10}
2026-02-08 17:57:22,852 | INFO | advanced | {"timestamp": "2026-02-08T17:57:22.852586", "level": "INFO", "event_type": "pipeline_complete", "message": "Advanced TMDB analysis completed"}
2026-02-08 17:57:22,852 | INFO | advanced | Advanced analysis completed | rows=18
2026-02-08 17:57:22,856 | INFO | advanced | Saved clean dataset | path=./data/clean/tmdb_clean_after_kpi.csv
2026-02-08 18:01:49,911 | INFO | advanced | Advanced analysis started
2026-02-08 18:01:49,911 | INFO | advanced | {"timestamp": "2026-02-08T18:01:49.911208", "level": "INFO", "event_type": "pipeline_start", "message": "Starting advanced TMDB analysis"}
2026-02-08 18:01:49,912 | INFO | advanced | {"timestamp": "2026-02-08T18:01:49.912337", "level": "INFO", "event_type": "feature_engineering", "message": "Computed profit and ROI", "total_rows": 18}
2026-02-08 18:01:49,912 | INFO | advanced | {"timestamp": "2026-02-08T18:01:49.912483", "level": "INFO", "event_type": "kpi_computation_start", "message": "Computing KPI highest_revenue", "metric": "revenue_musd"}
2026-02-08 18:01:49,913 | INFO | advanced | {"timestamp": "2026-02-08T18:01:49.913513", "level": "INFO", "event_type": "kpi_result", "message": "KPI computed successfully", "kpi_name": "highest_revenue", "metric": "revenue_musd", "top_movie": "Avatar", "top_value": 2923.706026, "rows_returned": 10}
2026-02-08 18:01:49,913 | INFO | advanced | {"timestamp": "2026-02-08T18:01:49.913617", "level": "INFO", "event_type": "kpi_computation_start", "message": "Computing KPI highest_budget", "metric": "budget_musd"}
2026-02-08 18:01:49,914 | INFO | advanced | {"timestamp": "2026-02-08T18:01:49.914633", "level": "INFO", "event_type": "kpi_result", "message": "KPI computed successfully", "kpi_name": "highest_budget", "metric": "budget_musd", "top_movie": "Avengers: Endgame", "top_value": 356.0, "rows_returned": 10}
2026-02-08 18:01:49,914 | INFO | advanced | {"timestamp": "2026-02-08T18:01:49.914737", "level": "INFO", "event_type": "kpi_computation_start", "message": "Computing KPI highest_profit", "metric": "profit"}
2026-02-08 18:01:49,915 | INFO | advanced | {"timestamp": "2026-02-08T18:01:49.915717", "level": "INFO", "event_type": "kpi_result", "message": "KPI computed successfully", "kpi_name": "highest_profit", "metric": "profit", "top_movie": "Avatar", "top_value": 2686.706026, "rows_returned": 10}
2026-02-08 18:01:49,915 | INFO | advanced | {"timestamp": "2026-02-08T18:01:49.915820", "level": "INFO", "event_type": "kpi_computation_start", "message": "Computing KPI lowest_profit", "metric": "profit"}
2026-02-08 18:01:49,916 | INFO | advanced | {"timestamp": "2026-02-08T18:01:49.916786", "level": "INFO", "event_type": "kpi_result", "message": "KPI computed successfully", "kpi_name": "lowest_profit", "metric": "profit", "top_movie": "Star Wars: The Last Jedi", "top_value": 1032.69883, "rows_returned": 10}
2026-02-08 18:01:49,916 | INFO | advanced | {"timestamp": "2026-02-08T18:01:49.916892", "level": "INFO", "event_type": "kpi_computation_start", "message": "Computing KPI highest_roi", "metric": "roi"}
2026-02-08 18:01:49,917 | INFO | advanced | {"timestamp": "2026-02-08T18:01:49.917872", "level": "INFO", "event_type": "kpi_result", "message": "KPI computed successfully", "kpi_name": "highest_roi", "metric": "roi", "top_movie": "Avatar", "top_value": 12.33631234599156, "rows_returned": 10}
2026-02-08 18:01:49,917 | INFO | advanced | {"timestamp": "2026-02-08T18:01:49.917976", "level": "INFO", "event_type": "kpi_computation_start", "message": "Computing KPI lowest_roi", "metric": "roi"}
2026-02-08 18:01:49,920 | INFO | advanced | {"timestamp": "2026-02-08T18:01:49.920151", "level": "INFO", "event_type": "kpi_result", "message": "KPI computed successfully", "kpi_name": "lowest_roi", "metric": "roi", "top_movie": "Star Wars: The Last Jedi", "top_value": 4.442329433333334, "rows_returned": 10}
2026-02-08 18:01:49,920 | INFO | advanced | {"timestamp": "2026-02-08T18:01:49.920397", "level": "INFO", "event_type": "kpi_computation_start", "message": "Computing KPI most_voted", "metric": "vote_count"}
2026-02-08 18:01:49,922 | INFO | advanced | {"timestamp": "2026-02-08T18:01:49.922302", "level": "INFO", "event_type": "kpi_result", "message": "KPI computed successfully", "kpi_name": "most_voted", "metric": "vote_count", "top_movie": "The Avengers", "top_value": 35720.0, "rows_returned": 10}
2026-02-08 18:01:49,922 | INFO | advanced | {"timestamp": "2026-02-08T18:01:49.922513", "level": "INFO", "event_type": "kpi_computation_start", "message": "Computing KPI highest_rated", "metric": "vote_average"}
2026-02-08 18:01:49,924 | INFO | advanced | {"timestamp": "2026-02-08T18:01:49.924691", "level": "INFO", "event_type": "kpi_result", "message": "KPI computed successfully", "kpi_name": "highest_rated", "metric": "vote_average", "top_movie": "Avengers: Endgame", "top_value": 8.236, "rows_returned": 10}
2026-02-08 18:01:49,924 | INFO | advanced | {"timestamp": "2026-02-08T18:01:49.924900", "level": "INFO", "event_type": "kpi_computation_start", "message": "Computing KPI lowest_rated", "metric": "vote_average"}
2026-02-08 18:01:49,926 | INFO | advanced | {"timestamp": "2026-02-08T18:01:49.926252", "level": "INFO", "event_type": "kpi_result", "message": "KPI computed successfully", "kpi_name": "lowest_rated", "metric": "vote_average", "top_movie": "Jurassic World: Fallen Kingdom", "top_value": 6.533, "rows_returned": 10}
2026-02-08 18:01:49,926 | INFO | advanced | {"timestamp": "2026-02-08T18:01:49.926362", "level": "INFO", "event_type": "kpi_computation_start", "message": "Computing KPI most_popular", "metric": "popularity"}
2026-02-08 18:01:49,927 | INFO | advanced | {"timestamp": "2026-02-08T18:01:49.927361", "level": "INFO", "event_type": "kpi_result", "message": "KPI computed successfully", "kpi_name": "most_popular", "metric": "popularity", "top_movie": "The Avengers", "top_value": 63.2171, "rows_returned": 10}
2026-02-08 18:01:49,927 | INFO | advanced | {"timestamp": "2026-02-08T18:01:49.927463", "level": "INFO", "event_type": "advanced_search_start", "message": "Bruce Willis Sci-Fi/Action search"}
2026-02-08 18:01:49,929 | INFO | advanced | {"timestamp": "2026-02-08T18:01:49.929125", "level": "INFO", "event_type": "advanced_search_result", "message": "Completed Bruce Willis search", "rows_returned": 0}
2026-02-08 18:01:49,929 | INFO | advanced | {"timestamp": "2026-02-08T18:01:49.929228", "level": "INFO", "event_type": "advanced_search_start", "message": "Uma Thurman + Quentin Tarantino search"}
2026-02-08 18:01:49,930 | INFO | advanced | {"timestamp": "2026-02-08T18:01:49.930360", "level": "INFO", "event_type": "advanced_search_result", "message": "Completed Uma Thurman search", "rows_returned": 0}
2026-02-08 18:01:49,930 | INFO | advanced | {"timestamp": "2026-02-08T18:01:49.930475", "level": "INFO", "event_type": "franchise_analysis_start", "message": "Analyzing franchise vs standalone"}
2026-02-08 18:01:49,937 | INFO | advanced | {"timestamp": "2026-02-08T18:01:49.937729", "level": "INFO", "event_type": "franchise_analysis_result", "message": "Computed franchise vs standalone stats", "groups": 2}
2026-02-08 18:01:49,937 | INFO | advanced | {"timestamp": "2026-02-08T18:01:49.937909", "level": "INFO", "event_type": "franchise_ranking_start", "message": "Ranking franchises by total revenue"}
2026-02-08 18:01:49,944 | INFO | advanced | {"timestamp": "2026-02-08T18:01:49.944431", "level": "INFO", "event_type": "franchise_ranking_result", "message": "Top franchises computed", "rows_returned": 10}
2026-02-08 18:01:49,944 | INFO | advanced | {"timestamp": "2026-02-08T18:01:49.944557", "level": "INFO", "event_type": "director_ranking_start", "message": "Ranking directors by total revenue"}
2026-02-08 18:01:49,949 | INFO | advanced | {"timestamp": "2026-02-08T18:01:49.949261", "level": "INFO", "event_type": "director_ranking_result", "message": "Top directors computed", "rows_returned": 10}
2026-02-08 18:01:49,949 | INFO | advanced | {"timestamp": "2026-02-08T18:01:49.949423", "level": "INFO", "event_type": "pipeline_complete", "message": "Advanced TMDB analysis completed"}
2026-02-08 18:01:49,949 | INFO | advanced | Advanced analysis completed | rows=18
2026-02-08 18:01:49,953 | INFO | advanced | Saved clean dataset | path=./data/clean/tmdb_clean_after_kpi.csv
2026-02-08 18:12:42,233 | INFO | advanced | Advanced analysis started
2026-02-08 18:12:42,233 | INFO | advanced | {"timestamp": "2026-02-08T18:12:42.233756", "level": "INFO", "event_type": "pipeline_start", "message": "Starting advanced TMDB analysis"}
2026-02-08 18:12:42,234 | INFO | advanced | {"timestamp": "2026-02-08T18:12:42.234911", "level": "INFO", "event_type": "feature_engineering", "message": "Computed profit and ROI", "total_rows": 18}
2026-02-08 18:12:42,235 | INFO | advanced | {"timestamp": "2026-02-08T18:12:42.235017", "level": "INFO", "event_type": "kpi_computation_start", "message": "Computing KPI highest_revenue", "metric": "revenue_musd"}
2026-02-08 18:12:42,236 | INFO | advanced | {"timestamp": "2026-02-08T18:12:42.236085", "level": "INFO", "event_type": "kpi_result", "message": "KPI computed successfully", "kpi_name": "highest_revenue", "metric": "revenue_musd", "top_movie": "Avatar", "top_value": 2923.706026, "rows_returned": 10}
2026-02-08 18:12:42,236 | INFO | advanced | {"timestamp": "2026-02-08T18:12:42.236193", "level": "INFO", "event_type": "kpi_computation_start", "message": "Computing KPI highest_budget", "metric": "budget_musd"}
2026-02-08 18:12:42,237 | INFO | advanced | {"timestamp": "2026-02-08T18:12:42.237220", "level": "INFO", "event_type": "kpi_result", "message": "KPI computed successfully", "kpi_name": "highest_budget", "metric": "budget_musd", "top_movie": "Avengers: Endgame", "top_value": 356.0, "rows_returned": 10}
2026-02-08 18:12:42,237 | INFO | advanced | {"timestamp": "2026-02-08T18:12:42.237324", "level": "INFO", "event_type": "kpi_computation_start", "message": "Computing KPI highest_profit", "metric": "profit"}
2026-02-08 18:12:42,238 | INFO | advanced | {"timestamp": "2026-02-08T18:12:42.238319", "level": "INFO", "event_type": "kpi_result", "message": "KPI computed successfully", "kpi_name": "highest_profit", "metric": "profit", "top_movie": "Avatar", "top_value": 2686.706026, "rows_returned": 10}
2026-02-08 18:12:42,238 | INFO | advanced | {"timestamp": "2026-02-08T18:12:42.238422", "level": "INFO", "event_type": "kpi_computation_start", "message": "Computing KPI lowest_profit", "metric": "profit"}
2026-02-08 18:12:42,239 | INFO | advanced | {"timestamp": "2026-02-08T18:12:42.239371", "level": "INFO", "event_type": "kpi_result", "message": "KPI computed successfully", "kpi_name": "lowest_profit", "metric": "profit", "top_movie": "Star Wars: The Last Jedi", "top_value": 1032.69883, "rows_returned": 10}
2026-02-08 18:12:42,239 | INFO | advanced | {"timestamp": "2026-02-08T18:12:42.239474", "level": "INFO", "event_type": "kpi_computation_start", "message": "Computing KPI highest_roi", "metric": "roi"}
2026-02-08 18:12:42,240 | INFO | advanced | {"timestamp": "2026-02-08T18:12:42.240927", "level": "INFO", "event_type": "kpi_result", "message": "KPI computed successfully", "kpi_name": "highest_roi", "metric": "roi", "top_movie": "Avatar", "top_value": 12.33631234599156, "rows_returned": 10}
2026-02-08 18:12:42,241 | INFO | advanced | {"timestamp": "2026-02-08T18:12:42.241147", "level": "INFO", "event_type": "kpi_computation_start", "message": "Computing KPI lowest_roi", "metric": "roi"}
2026-02-08 18:12:42,244 | INFO | advanced | {"timestamp": "2026-02-08T18:12:42.244629", "level": "INFO", "event_type": "kpi_result", "message": "KPI computed successfully", "kpi_name": "lowest_roi", "metric": "roi", "top_movie": "Star Wars: The Last Jedi", "top_value": 4.442329433333334, "rows_returned": 10}
2026-02-08 18:12:42,244 | INFO | advanced | {"timestamp": "2026-02-08T18:12:42.244941", "level": "INFO", "event_type": "kpi_computation_start", "message": "Computing KPI most_voted", "metric": "vote_count"}
2026-02-08 18:12:42,247 | INFO | advanced | {"timestamp": "2026-02-08T18:12:42.247264", "level": "INFO", "event_type": "kpi_result", "message": "KPI computed successfully", "kpi_name": "most_voted", "metric": "vote_count", "top_movie": "The Avengers", "top_value": 35720.0, "rows_returned": 10}
2026-02-08 18:12:42,247 | INFO | advanced | {"timestamp": "2026-02-08T18:12:42.247492", "level": "INFO", "event_type": "kpi_computation_start", "message": "Computing KPI highest_rated", "metric": "vote_average"}
2026-02-08 18:12:42,249 | INFO | advanced | {"timestamp": "2026-02-08T18:12:42.249723", "level": "INFO", "event_type": "kpi_result", "message": "KPI computed successfully", "kpi_name": "highest_rated", "metric": "vote_average", "top_movie": "Avengers: Endgame", "top_value": 8.236, "rows_returned": 10}
2026-02-08 18:12:42,249 | INFO | advanced | {"timestamp": "2026-02-08T18:12:42.249909", "level": "INFO", "event_type": "kpi_computation_start", "message": "Computing KPI lowest_rated", "metric": "vote_average"}
2026-02-08 18:12:42,252 | INFO | advanced | {"timestamp": "2026-02-08T18:12:42.252675", "level": "INFO", "event_type": "kpi_result", "message": "KPI computed successfully", "kpi_name": "lowest_rated", "metric": "vote_average", "top_movie": "Jurassic World: Fallen Kingdom", "top_value": 6.533, "rows_returned": 10}
2026-02-08 18:12:42,252 | INFO | advanced | {"timestamp": "2026-02-08T18:12:42.252843", "level": "INFO", "event_type": "kpi_computation_start", "message": "Computing KPI most_popular", "metric": "popularity"}
2026-02-08 18:12:42,254 | INFO | advanced | {"timestamp": "2026-02-08T18:12:42.254725", "level": "INFO", "event_type": "kpi_result", "message": "KPI computed successfully", "kpi_name": "most_popular", "metric": "popularity", "top_movie": "The Avengers", "top_value": 63.2171, "rows_returned": 10}
2026-02-08 18:12:42,254 | INFO | advanced | {"timestamp": "2026-02-08T18:12:42.254894", "level": "INFO", "event_type": "advanced_search_start", "message": "Bruce Willis Sci-Fi/Action search"}
2026-02-08 18:12:42,257 | INFO | advanced | {"timestamp": "2026-02-08T18:12:42.257697", "level": "INFO", "event_type": "advanced_search_result", "message": "Completed Bruce Willis search", "rows_returned": 0}
2026-02-08 18:12:42,257 | INFO | advanced | {"timestamp": "2026-02-08T18:12:42.257881", "level": "INFO", "event_type": "advanced_search_start", "message": "Uma Thurman + Quentin Tarantino search"}
2026-02-08 18:12:42,259 | INFO | advanced | {"timestamp": "2026-02-08T18:12:42.259646", "level": "INFO", "event_type": "advanced_search_result", "message": "Completed Uma Thurman search", "rows_returned": 0}
2026-02-08 18:12:42,259 | INFO | advanced | {"timestamp": "2026-02-08T18:12:42.259828", "level": "INFO", "event_type": "franchise_analysis_start", "message": "Analyzing franchise vs standalone"}
2026-02-08 18:12:42,268 | INFO | advanced | {"timestamp": "2026-02-08T18:12:42.268492", "level": "INFO", "event_type": "franchise_analysis_result", "message": "Computed franchise vs standalone stats", "groups": 2}
2026-02-08 18:12:42,268 | INFO | advanced | {"timestamp": "2026-02-08T18:12:42.268617", "level": "INFO", "event_type": "franchise_ranking_start", "message": "Ranking franchises by total revenue"}
2026-02-08 18:12:42,274 | INFO | advanced | {"timestamp": "2026-02-08T18:12:42.274278", "level": "INFO", "event_type": "franchise_ranking_result", "message": "Top franchises computed", "rows_returned": 10}
2026-02-08 18:12:42,274 | INFO | advanced | {"timestamp": "2026-02-08T18:12:42.274395", "level": "INFO", "event_type": "director_ranking_start", "message": "Ranking directors by total revenue"}
2026-02-08 18:12:42,280 | INFO | advanced | {"timestamp": "2026-02-08T18:12:42.280383", "level": "INFO", "event_type": "director_ranking_result", "message": "Top directors computed", "rows_returned": 10}
2026-02-08 18:12:42,280 | INFO | advanced | {"timestamp": "2026-02-08T18:12:42.280544", "level": "INFO", "event_type": "pipeline_complete", "message": "Advanced TMDB analysis completed"}
2026-02-08 18:12:42,280 | INFO | advanced | Advanced analysis completed | rows=18
2026-02-08 18:12:42,284 | INFO | advanced | Saved clean dataset | path=./data/clean/tmdb_clean_after_kpi.csv
2026-02-08 18:14:20,745 | INFO | advanced | Advanced analysis started
2026-02-08 18:14:20,745 | INFO | advanced | {"timestamp": "2026-02-08T18:14:20.745828", "level": "INFO", "event_type": "pipeline_start", "message": "Starting advanced TMDB analysis"}
2026-02-08 18:14:20,754 | INFO | advanced | {"timestamp": "2026-02-08T18:14:20.754043", "level": "INFO", "event_type": "feature_engineering", "message": "Computed profit and ROI", "total_rows": 18}
2026-02-08 18:14:20,754 | INFO | advanced | {"timestamp": "2026-02-08T18:14:20.754665", "level": "INFO", "event_type": "kpi_computation_start", "message": "Computing KPI highest_revenue", "metric": "revenue_musd"}
2026-02-08 18:14:20,758 | INFO | advanced | {"timestamp": "2026-02-08T18:14:20.758012", "level": "INFO", "event_type": "kpi_result", "message": "KPI computed successfully", "kpi_name": "highest_revenue", "metric": "revenue_musd", "top_movie": "Avatar", "top_value": 2923.706026, "rows_returned": 10}
2026-02-08 18:14:20,758 | INFO | advanced | {"timestamp": "2026-02-08T18:14:20.758342", "level": "INFO", "event_type": "kpi_computation_start", "message": "Computing KPI highest_budget", "metric": "budget_musd"}
2026-02-08 18:14:20,760 | INFO | advanced | {"timestamp": "2026-02-08T18:14:20.760736", "level": "INFO", "event_type": "kpi_result", "message": "KPI computed successfully", "kpi_name": "highest_budget", "metric": "budget_musd", "top_movie": "Avengers: Endgame", "top_value": 356.0, "rows_returned": 10}
2026-02-08 18:14:20,761 | INFO | advanced | {"timestamp": "2026-02-08T18:14:20.760963", "level": "INFO", "event_type": "kpi_computation_start", "message": "Computing KPI highest_profit", "metric": "profit"}
2026-02-08 18:14:20,764 | INFO | advanced | {"timestamp": "2026-02-08T18:14:20.764326", "level": "INFO", "event_type": "kpi_result", "message": "KPI computed successfully", "kpi_name": "highest_profit", "metric": "profit", "top_movie": "Avatar", "top_value": 2686.706026, "rows_returned": 10}
2026-02-08 18:14:20,764 | INFO | advanced | {"timestamp": "2026-02-08T18:14:20.764566", "level": "INFO", "event_type": "kpi_computation_start", "message": "Computing KPI lowest_profit", "metric": "profit"}
2026-02-08 18:14:20,767 | INFO | advanced | {"timestamp": "2026-02-08T18:14:20.767606", "level": "INFO", "event_type": "kpi_result", "message": "KPI computed successfully", "kpi_name": "lowest_profit", "metric": "profit", "top_movie": "Star Wars: The Last Jedi", "top_value": 1032.69883, "rows_returned": 10}
2026-02-08 18:14:20,767 | INFO | advanced | {"timestamp": "2026-02-08T18:14:20.767861", "level": "INFO", "event_type": "kpi_computation_start", "message": "Computing KPI highest_roi", "metric": "roi"}
2026-02-08 18:14:20,770 | INFO | advanced | {"timestamp": "2026-02-08T18:14:20.770709", "level": "INFO", "event_type": "kpi_result", "message": "KPI computed successfully", "kpi_name": "highest_roi", "metric": "roi", "top_movie": "Avatar", "top_value": 12.33631234599156, "rows_returned": 10}
2026-02-08 18:14:20,771 | INFO | advanced | {"timestamp": "2026-02-08T18:14:20.770994", "level": "INFO", "event_type": "kpi_computation_start", "message": "Computing KPI lowest_roi", "metric": "roi"}
2026-02-08 18:14:20,775 | INFO | advanced | {"timestamp": "2026-02-08T18:14:20.775401", "level": "INFO", "event_type": "kpi_result", "message": "KPI computed successfully", "kpi_name": "lowest_roi", "metric": "roi", "top_movie": "Star Wars: The Last Jedi", "top_value": 4.442329433333334, "rows_returned": 10}
2026-02-08 18:14:20,775 | INFO | advanced | {"timestamp": "2026-02-08T18:14:20.775649", "level": "INFO", "event_type": "kpi_computation_start", "message": "Computing KPI most_voted", "metric": "vote_count"}
2026-02-08 18:14:20,778 | INFO | advanced | {"timestamp": "2026-02-08T18:14:20.778352", "level": "INFO", "event_type": "kpi_result", "message": "KPI computed successfully", "kpi_name": "most_voted", "metric": "vote_count", "top_movie": "The Avengers", "top_value": 35720.0, "rows_returned": 10}
2026-02-08 18:14:20,778 | INFO | advanced | {"timestamp": "2026-02-08T18:14:20.778588", "level": "INFO", "event_type": "kpi_computation_start", "message": "Computing KPI highest_rated", "metric": "vote_average"}
2026-02-08 18:14:20,785 | INFO | advanced | {"timestamp": "2026-02-08T18:14:20.784943", "level": "INFO", "event_type": "kpi_result", "message": "KPI computed successfully", "kpi_name": "highest_rated", "metric": "vote_average", "top_movie": "Avengers: Endgame", "top_value": 8.236, "rows_returned": 10}
2026-02-08 18:14:20,785 | INFO | advanced | {"timestamp": "2026-02-08T18:14:20.785475", "level": "INFO", "event_type": "kpi_computation_start", "message": "Computing KPI lowest_rated", "metric": "vote_average"}
2026-02-08 18:14:20,793 | INFO | advanced | {"timestamp": "2026-02-08T18:14:20.793675", "level": "INFO", "event_type": "kpi_result", "message": "KPI computed successfully", "kpi_name": "lowest_rated", "metric": "vote_average", "top_movie": "Jurassic World: Fallen Kingdom", "top_value": 6.533, "rows_returned": 10}
2026-02-08 18:14:20,794 | INFO | advanced | {"timestamp": "2026-02-08T18:14:20.794066", "level": "INFO", "event_type": "kpi_computation_start", "message": "Computing KPI most_popular", "metric": "popularity"}
2026-02-08 18:14:20,799 | INFO | advanced | {"timestamp": "2026-02-08T18:14:20.799868", "level": "INFO", "event_type": "kpi_result", "message": "KPI computed successfully", "kpi_name": "most_popular", "metric": "popularity", "top_movie": "The Avengers", "top_value": 63.2171, "rows_returned": 10}
2026-02-08 18:14:20,800 | INFO | advanced | {"timestamp": "2026-02-08T18:14:20.800108", "level": "INFO", "event_type": "advanced_search_start", "message": "Bruce Willis Sci-Fi/Action search"}
2026-02-08 18:14:20,809 | INFO | advanced | {"timestamp": "2026-02-08T18:14:20.808808", "level": "INFO", "event_type": "advanced_search_result", "message": "Completed Bruce Willis search", "rows_returned": 0}
2026-02-08 18:14:20,809 | INFO | advanced | {"timestamp": "2026-02-08T18:14:20.809658", "level": "INFO", "event_type": "advanced_search_start", "message": "Uma Thurman + Quentin Tarantino search"}
2026-02-08 18:14:20,817 | INFO | advanced | {"timestamp": "2026-02-08T18:14:20.817635", "level": "INFO", "event_type": "advanced_search_result", "message": "Completed Uma Thurman search", "rows_returned": 0}
2026-02-08 18:14:20,818 | INFO | advanced | {"timestamp": "2026-02-08T18:14:20.818079", "level": "INFO", "event_type": "franchise_analysis_start", "message": "Analyzing franchise vs standalone"}
2026-02-08 18:14:20,854 | INFO | advanced | {"timestamp": "2026-02-08T18:14:20.853510", "level": "INFO", "event_type": "franchise_analysis_result", "message": "Computed franchise vs standalone stats", "groups": 2}
2026-02-08 18:14:20,854 | INFO | advanced | {"timestamp": "2026-02-08T18:14:20.854528", "level": "INFO", "event_type": "franchise_ranking_start", "message": "Ranking franchises by total revenue"}
2026-02-08 18:14:20,887 | INFO | advanced | {"timestamp": "2026-02-08T18:14:20.887732", "level": "INFO", "event_type": "franchise_ranking_result", "message": "Top franchises computed", "rows_returned": 10}
2026-02-08 18:14:20,888 | INFO | advanced | {"timestamp": "2026-02-08T18:14:20.888009", "level": "INFO", "event_type": "director_ranking_start", "message": "Ranking directors by total revenue"}
2026-02-08 18:14:20,916 | INFO | advanced | {"timestamp": "2026-02-08T18:14:20.916667", "level": "INFO", "event_type": "director_ranking_result", "message": "Top directors computed", "rows_returned": 10}
2026-02-08 18:14:20,917 | INFO | advanced | {"timestamp": "2026-02-08T18:14:20.917131", "level": "INFO", "event_type": "pipeline_complete", "message": "Advanced TMDB analysis completed"}
2026-02-08 18:14:20,917 | INFO | advanced | Advanced analysis completed | rows=18
2026-02-08 18:14:20,930 | INFO | advanced | Saved clean dataset | path=./data/clean/tmdb_clean_after_kpi.csv
