2026-02-08 17:52:34,004 | INFO | extract | Extraction started
2026-02-08 17:52:34,004 | INFO | extract | Fetching movie_id=0
2026-02-08 17:52:34,005 | WARNING | extract | Movie skipped | movie_id=0
2026-02-08 17:52:34,255 | INFO | extract | Fetching movie_id=299534
2026-02-08 17:52:35,619 | INFO | extract | Fetching movie_id=19995
2026-02-08 17:52:36,105 | INFO | extract | Fetching movie_id=140607
2026-02-08 17:52:36,557 | INFO | extract | Fetching movie_id=299536
2026-02-08 17:52:37,020 | INFO | extract | Fetching movie_id=597
2026-02-08 17:52:37,479 | INFO | extract | Fetching movie_id=135397
2026-02-08 17:52:37,909 | INFO | extract | Fetching movie_id=420818
2026-02-08 17:52:38,335 | INFO | extract | Fetching movie_id=24428
2026-02-08 17:52:38,810 | INFO | extract | Fetching movie_id=168259
2026-02-08 17:52:39,227 | INFO | extract | Fetching movie_id=99861
2026-02-08 17:52:39,658 | INFO | extract | Fetching movie_id=284054
2026-02-08 17:52:40,071 | INFO | extract | Fetching movie_id=12445
2026-02-08 17:52:40,479 | INFO | extract | Fetching movie_id=181808
2026-02-08 17:52:41,257 | INFO | extract | Fetching movie_id=330457
2026-02-08 17:52:41,636 | INFO | extract | Fetching movie_id=351286
2026-02-08 17:52:42,107 | INFO | extract | Fetching movie_id=109445
2026-02-08 17:52:42,604 | INFO | extract | Fetching movie_id=321612
2026-02-08 17:52:43,073 | INFO | extract | Fetching movie_id=260513
2026-02-08 17:52:43,495 | INFO | extract | Extraction completed successfully | records=18
2026-02-08 17:52:43,496 | INFO | extract | Extraction completed | rows=18
2026-02-08 17:57:12,117 | INFO | extract | Extraction started
2026-02-08 17:57:12,118 | INFO | extract | Fetching movie_id=0
2026-02-08 17:57:12,120 | WARNING | extract | Movie skipped | movie_id=0
2026-02-08 17:57:12,371 | INFO | extract | Fetching movie_id=299534
2026-02-08 17:57:14,156 | INFO | extract | Fetching movie_id=19995
2026-02-08 17:57:14,653 | INFO | extract | Fetching movie_id=140607
2026-02-08 17:57:15,231 | INFO | extract | Fetching movie_id=299536
2026-02-08 17:57:15,718 | INFO | extract | Fetching movie_id=597
2026-02-08 17:57:16,138 | INFO | extract | Fetching movie_id=135397
2026-02-08 17:57:16,587 | INFO | extract | Fetching movie_id=420818
2026-02-08 17:57:17,023 | INFO | extract | Fetching movie_id=24428
2026-02-08 17:57:17,503 | INFO | extract | Fetching movie_id=168259
2026-02-08 17:57:17,953 | INFO | extract | Fetching movie_id=99861
2026-02-08 17:57:18,398 | INFO | extract | Fetching movie_id=284054
2026-02-08 17:57:18,857 | INFO | extract | Fetching movie_id=12445
2026-02-08 17:57:19,703 | INFO | extract | Fetching movie_id=181808
2026-02-08 17:57:20,114 | INFO | extract | Fetching movie_id=330457
2026-02-08 17:57:20,549 | INFO | extract | Fetching movie_id=351286
2026-02-08 17:57:21,003 | INFO | extract | Fetching movie_id=109445
2026-02-08 17:57:21,858 | INFO | extract | Fetching movie_id=321612
2026-02-08 17:57:22,309 | INFO | extract | Fetching movie_id=260513
2026-02-08 17:57:22,776 | INFO | extract | Extraction completed successfully | records=18
2026-02-08 17:57:22,776 | INFO | extract | Extraction completed | rows=18
2026-02-08 18:01:39,789 | INFO | extract | Extraction started
2026-02-08 18:01:39,790 | INFO | extract | Fetching movie_id=0
2026-02-08 18:01:39,790 | WARNING | extract | Movie skipped | movie_id=0
2026-02-08 18:01:40,040 | INFO | extract | Fetching movie_id=299534
2026-02-08 18:01:41,522 | INFO | extract | Fetching movie_id=19995
2026-02-08 18:01:41,987 | INFO | extract | Fetching movie_id=140607
2026-02-08 18:01:42,390 | INFO | extract | Fetching movie_id=299536
2026-02-08 18:01:42,854 | INFO | extract | Fetching movie_id=597
2026-02-08 18:01:43,306 | INFO | extract | Fetching movie_id=135397
2026-02-08 18:01:43,751 | INFO | extract | Fetching movie_id=420818
2026-02-08 18:01:45,169 | INFO | extract | Fetching movie_id=24428
2026-02-08 18:01:45,622 | INFO | extract | Fetching movie_id=168259
2026-02-08 18:01:46,051 | INFO | extract | Fetching movie_id=99861
2026-02-08 18:01:46,515 | INFO | extract | Fetching movie_id=284054
2026-02-08 18:01:46,963 | INFO | extract | Fetching movie_id=12445
2026-02-08 18:01:47,380 | INFO | extract | Fetching movie_id=181808
2026-02-08 18:01:47,770 | INFO | extract | Fetching movie_id=330457
2026-02-08 18:01:48,169 | INFO | extract | Fetching movie_id=351286
2026-02-08 18:01:48,591 | INFO | extract | Fetching movie_id=109445
2026-02-08 18:01:49,030 | INFO | extract | Fetching movie_id=321612
2026-02-08 18:01:49,428 | INFO | extract | Fetching movie_id=260513
2026-02-08 18:01:49,875 | INFO | extract | Extraction completed successfully | records=18
2026-02-08 18:01:49,875 | INFO | extract | Extraction completed | rows=18
2026-02-08 18:11:21,547 | INFO | extract | Extraction started
2026-02-08 18:11:21,548 | INFO | extract | Fetching movie_id=0
2026-02-08 18:11:21,549 | WARNING | extract | Movie skipped | movie_id=0
2026-02-08 18:11:21,801 | INFO | extract | Fetching movie_id=299534
2026-02-08 18:11:23,693 | INFO | extract | Fetching movie_id=19995
2026-02-08 18:11:24,223 | INFO | extract | Fetching movie_id=140607
2026-02-08 18:11:24,652 | INFO | extract | Fetching movie_id=299536
2026-02-08 18:11:25,094 | INFO | extract | Fetching movie_id=597
2026-02-08 18:11:25,521 | INFO | extract | Fetching movie_id=135397
2026-02-08 18:11:25,985 | INFO | extract | Fetching movie_id=420818
2026-02-08 18:11:26,410 | INFO | extract | Fetching movie_id=24428
2026-02-08 18:11:26,884 | INFO | extract | Fetching movie_id=168259
2026-02-08 18:11:27,451 | INFO | extract | Fetching movie_id=99861
2026-02-08 18:11:27,980 | INFO | extract | Fetching movie_id=284054
2026-02-08 18:11:28,453 | INFO | extract | Fetching movie_id=12445
2026-02-08 18:11:28,865 | INFO | extract | Fetching movie_id=181808
2026-02-08 18:11:29,303 | INFO | extract | Fetching movie_id=330457
2026-02-08 18:11:29,860 | INFO | extract | Fetching movie_id=351286
2026-02-08 18:11:30,293 | INFO | extract | Fetching movie_id=109445
2026-02-08 18:11:30,732 | INFO | extract | Fetching movie_id=321612
2026-02-08 18:11:31,242 | INFO | extract | Fetching movie_id=260513
2026-02-08 18:11:31,713 | INFO | extract | Extraction completed successfully | records=18
2026-02-08 18:11:31,714 | INFO | extract | Extraction completed | rows=18
2026-02-08 18:11:31,714 | ERROR | extract | Pipeline failed
Traceback (most recent call last):
  File "C:\Users\JeremiahAnkuCoblah\Desktop\TMBD-Movies-Data-Analysis\main.py", line 58, in main
    save_dataframe(df_raw, raw_csv_file, extract_logger)
    ~~~~~~~~~~~~~~^^^^^^^^^^^^^^^^^^^^^^^^^^^^^^^^^^^^^^
TypeError: save_dataframe() takes 2 positional arguments but 3 were given
2026-02-08 18:12:33,113 | INFO | extract | Extraction started
2026-02-08 18:12:33,114 | INFO | extract | Fetching movie_id=0
2026-02-08 18:12:33,114 | WARNING | extract | Movie skipped | movie_id=0
2026-02-08 18:12:33,365 | INFO | extract | Fetching movie_id=299534
2026-02-08 18:12:34,631 | INFO | extract | Fetching movie_id=19995
2026-02-08 18:12:35,183 | INFO | extract | Fetching movie_id=140607
2026-02-08 18:12:35,623 | INFO | extract | Fetching movie_id=299536
2026-02-08 18:12:36,094 | INFO | extract | Fetching movie_id=597
2026-02-08 18:12:36,503 | INFO | extract | Fetching movie_id=135397
2026-02-08 18:12:36,894 | INFO | extract | Fetching movie_id=420818
2026-02-08 18:12:37,281 | INFO | extract | Fetching movie_id=24428
2026-02-08 18:12:37,712 | INFO | extract | Fetching movie_id=168259
2026-02-08 18:12:38,164 | INFO | extract | Fetching movie_id=99861
2026-02-08 18:12:38,662 | INFO | extract | Fetching movie_id=284054
2026-02-08 18:12:39,102 | INFO | extract | Fetching movie_id=12445
2026-02-08 18:12:39,523 | INFO | extract | Fetching movie_id=181808
2026-02-08 18:12:39,925 | INFO | extract | Fetching movie_id=330457
2026-02-08 18:12:40,343 | INFO | extract | Fetching movie_id=351286
2026-02-08 18:12:40,817 | INFO | extract | Fetching movie_id=109445
2026-02-08 18:12:41,287 | INFO | extract | Fetching movie_id=321612
2026-02-08 18:12:41,739 | INFO | extract | Fetching movie_id=260513
2026-02-08 18:12:42,172 | INFO | extract | Extraction completed successfully | records=18
2026-02-08 18:12:42,172 | INFO | extract | Extraction completed | rows=18
2026-02-08 18:14:04,217 | INFO | extract | Extraction started
2026-02-08 18:14:04,217 | INFO | extract | Fetching movie_id=0
2026-02-08 18:14:04,218 | WARNING | extract | Movie skipped | movie_id=0
2026-02-08 18:14:04,468 | INFO | extract | Fetching movie_id=299534
2026-02-08 18:14:12,455 | INFO | extract | Fetching movie_id=19995
2026-02-08 18:14:13,099 | INFO | extract | Fetching movie_id=140607
2026-02-08 18:14:13,603 | INFO | extract | Fetching movie_id=299536
2026-02-08 18:14:14,034 | INFO | extract | Fetching movie_id=597
2026-02-08 18:14:14,420 | INFO | extract | Fetching movie_id=135397
2026-02-08 18:14:14,832 | INFO | extract | Fetching movie_id=420818
2026-02-08 18:14:15,279 | INFO | extract | Fetching movie_id=24428
2026-02-08 18:14:15,755 | INFO | extract | Fetching movie_id=168259
2026-02-08 18:14:16,446 | INFO | extract | Fetching movie_id=99861
2026-02-08 18:14:17,047 | INFO | extract | Fetching movie_id=284054
2026-02-08 18:14:17,544 | INFO | extract | Fetching movie_id=12445
2026-02-08 18:14:17,945 | INFO | extract | Fetching movie_id=181808
2026-02-08 18:14:18,357 | INFO | extract | Fetching movie_id=330457
2026-02-08 18:14:18,797 | INFO | extract | Fetching movie_id=351286
2026-02-08 18:14:19,243 | INFO | extract | Fetching movie_id=109445
2026-02-08 18:14:19,681 | INFO | extract | Fetching movie_id=321612
2026-02-08 18:14:20,112 | INFO | extract | Fetching movie_id=260513
2026-02-08 18:14:20,545 | INFO | extract | Extraction completed successfully | records=18
2026-02-08 18:14:20,545 | INFO | extract | Extraction completed | rows=18
